includes
minishell
test_integration.sh
==========================multiple-pipe==========================
infile
0
==========================subshell===============================
infile
cat in in subshell success\n
=========================quotation===============================
double-quotation
string string
string string
env:USER: ymizuniw
env:USER: $USER
nested s-quote in d-quote: 'ymizuniw'
nested d-quote in s-quote: "$USER"
complex combination1:  string $USER"string"
complex combination2:  string ymizuniw'string'
test is working?
0
=======================wildcard===================================
wildcard mono: in includes libft Makefile Memory_leak.mc minishell pattern0001 res_bash.log res_diff.log res_mish.log src test_integration.sh test.sh
wildcard s-quoted: *
wildcard d-quoted: *
pattern0001
wildcard pattern-matching: pattern0001
wildcard s-quoted: pa*1
wildcard d-quoted: pa*1
wildcard pattern-matching: pattern0001
wildcard pattern-matching: pattern0001
wildcard pattern-matching: pattern0001
wildcard pattern-matching: in includes libft Makefile Memory_leak.mc minishell pattern0001 res_bash.log res_diff.log res_mish.log src test_integration.sh test.sh
0
========================subshell==================================
process AND_IF:
infile
cat success
process OR_IF:
cat failed
