includes
make_with_valgrind.sh
minishell
test_integration.sh
0
==========================multiple-pipe==========================
infile
0
==========================subshell===============================
infile
cat in in subshell success\n
0
=========================quotation===============================
double-quotation
0
string string
0
string string
0
env:USER: ymizuniw
0
env:USER: $USER
0
nested s-quote in d-quote: 'ymizuniw'
0
nested d-quote in s-quote: "$USER"
0
complex combination1:  string $USER"string"
0
complex combination2:  string ymizuniw'string'
0
test is working?
0
=======================wildcard===================================
wildcard mono: in includes libft Makefile make.log make_with_valgrind.sh Memory_leak.mc minishell pattern0001 res_bash.log res_diff.log res_mish.log src test_integration.sh test.sh valg.log
0
wildcard s-quoted: *
0
wildcard d-quoted: *
0
pattern0001
0
wildcard pattern-matching: pattern0001
0
wildcard s-quoted: pa*1
0
wildcard d-quoted: pa*1
0
wildcard pattern-matching: pattern0001
0
wildcard pattern-matching: pattern0001
0
wildcard pattern-matching: pattern0001
0
wildcard pattern-matching: in includes libft Makefile make.log make_with_valgrind.sh Memory_leak.mc minishell pattern0001 res_bash.log res_diff.log res_mish.log src test_integration.sh test.sh valg.log
0
========================subshell==================================
process AND_IF:
infile
cat success
0
process OR_IF:
cat failed
0
========================heredoc===================================
multiple heredoc:
abc geh def abc 1 2 3 p q r
0
quoted heredoc:
ymizuniw $USER $USER $USER $USER
0
